[debug] [2023-03-29T01:29:53.518Z] ----------------------------------------------------------------------
[debug] [2023-03-29T01:29:53.534Z] Command:       C:\Program Files\nodejs\node.exe C:\Users\Julio Cesar\AppData\Roaming\npm\node_modules\firebase-tools\lib\bin\firebase.js init
[debug] [2023-03-29T01:29:53.537Z] CLI Version:   11.25.2
[debug] [2023-03-29T01:29:53.537Z] Platform:      win32
[debug] [2023-03-29T01:29:53.538Z] Node Version:  v16.17.0
[debug] [2023-03-29T01:29:53.661Z] Time:          Tue Mar 28 2023 22:29:53 GMT-0300 (hora estándar de Argentina)
[debug] [2023-03-29T01:29:53.662Z] ----------------------------------------------------------------------
[debug] 
[debug] [2023-03-29T01:29:53.873Z] > command requires scopes: ["email","openid","https://www.googleapis.com/auth/cloudplatformprojects.readonly","https://www.googleapis.com/auth/firebase","https://www.googleapis.com/auth/cloud-platform"]
[debug] [2023-03-29T01:29:53.874Z] > authorizing via signed-in user (ivonocano@outlook.com)
[info] 
     ######## #### ########  ######## ########     ###     ######  ########
     ##        ##  ##     ## ##       ##     ##  ##   ##  ##       ##
     ######    ##  ########  ######   ########  #########  ######  ######
     ##        ##  ##    ##  ##       ##     ## ##     ##       ## ##
     ##       #### ##     ## ######## ########  ##     ##  ######  ########

You're about to initialize a Firebase project in this directory:

  C:\Users\Julio Cesar\Desktop\PROYECTO1\miportfolioangular

Before we get started, keep in mind:

  * You are initializing within an existing Firebase project directory

